TN:
SF:src/demo.ts
FN:51,detectProblemType
FN:77,generatePrompt
FN:86,mockLLMResponse
FN:178,formatOutput
FN:194,main
FN:212,(anonymous_5)
FNF:6
FNH:5
FNDA:1,detectProblemType
FNDA:1,generatePrompt
FNDA:1,mockLLMResponse
FNDA:1,formatOutput
FNDA:1,main
FNDA:0,(anonymous_5)
DA:12,1
DA:52,1
DA:55,1
DA:56,0
DA:57,0
DA:60,1
DA:61,1
DA:62,1
DA:65,0
DA:66,0
DA:67,0
DA:71,0
DA:72,0
DA:78,1
DA:79,1
DA:80,1
DA:82,1
DA:87,1
DA:88,1
DA:99,0
DA:100,0
DA:114,0
DA:115,0
DA:158,0
DA:179,1
DA:181,1
DA:182,1
DA:184,1
DA:185,1
DA:187,1
DA:188,1
DA:190,1
DA:196,1
DA:199,1
DA:200,1
DA:203,1
DA:204,1
DA:205,1
DA:208,1
DA:212,1
LF:40
LH:28
BRDA:55,0,0,0
BRDA:55,0,1,1
BRDA:60,1,0,1
BRDA:60,1,1,0
BRDA:65,2,0,0
BRDA:65,2,1,0
BRDA:87,3,0,1
BRDA:87,3,1,0
BRDA:99,4,0,0
BRDA:99,4,1,0
BRDA:114,5,0,0
BRDA:114,5,1,0
BRDA:196,6,0,1
BRDA:196,6,1,1
BRF:14
BRH:5
end_of_record
TN:
SF:src/index.ts
FN:61,(anonymous_0)
FN:76,(anonymous_1)
FN:120,(anonymous_2)
FN:132,(anonymous_3)
FN:137,(anonymous_4)
FN:141,(anonymous_5)
FN:146,(anonymous_6)
FN:162,(anonymous_7)
FN:182,(anonymous_8)
FN:234,(anonymous_9)
FN:246,(anonymous_10)
FN:306,(anonymous_11)
FN:313,(anonymous_12)
FN:315,(anonymous_13)
FN:346,(anonymous_14)
FN:355,(anonymous_15)
FN:378,(anonymous_16)
FN:380,(anonymous_17)
FN:383,(anonymous_18)
FN:420,(anonymous_19)
FN:429,(anonymous_20)
FN:464,(anonymous_21)
FN:494,(anonymous_22)
FN:544,(anonymous_23)
FN:555,(anonymous_24)
FN:558,(anonymous_25)
FN:573,createCodPrompt
FN:587,createCotPrompt
FN:601,(anonymous_28)
FN:874,(anonymous_29)
FN:887,(anonymous_30)
FN:1104,startServer
FN:1119,(anonymous_32)
FN:1120,(anonymous_33)
FN:1139,(anonymous_34)
FN:1144,(anonymous_35)
FN:1149,main
FN:1158,(anonymous_37)
FN:1160,(anonymous_38)
FN:1161,(anonymous_39)
FN:1176,(anonymous_40)
FNF:41
FNH:6
FNDA:1,(anonymous_0)
FNDA:1,(anonymous_1)
FNDA:0,(anonymous_2)
FNDA:0,(anonymous_3)
FNDA:0,(anonymous_4)
FNDA:0,(anonymous_5)
FNDA:0,(anonymous_6)
FNDA:0,(anonymous_7)
FNDA:0,(anonymous_8)
FNDA:0,(anonymous_9)
FNDA:0,(anonymous_10)
FNDA:0,(anonymous_11)
FNDA:0,(anonymous_12)
FNDA:0,(anonymous_13)
FNDA:0,(anonymous_14)
FNDA:0,(anonymous_15)
FNDA:0,(anonymous_16)
FNDA:0,(anonymous_17)
FNDA:0,(anonymous_18)
FNDA:0,(anonymous_19)
FNDA:0,(anonymous_20)
FNDA:0,(anonymous_21)
FNDA:0,(anonymous_22)
FNDA:0,(anonymous_23)
FNDA:0,(anonymous_24)
FNDA:0,(anonymous_25)
FNDA:0,createCodPrompt
FNDA:0,createCotPrompt
FNDA:0,(anonymous_28)
FNDA:0,(anonymous_29)
FNDA:0,(anonymous_30)
FNDA:1,startServer
FNDA:3,(anonymous_32)
FNDA:0,(anonymous_33)
FNDA:0,(anonymous_34)
FNDA:0,(anonymous_35)
FNDA:1,main
FNDA:1,(anonymous_37)
FNDA:0,(anonymous_38)
FNDA:0,(anonymous_39)
FNDA:0,(anonymous_40)
DA:51,1
DA:63,1
DA:64,1
DA:66,1
DA:73,1
DA:77,1
DA:79,1
DA:81,1
DA:82,0
DA:84,1
DA:88,1
DA:91,0
DA:92,0
DA:94,0
DA:98,0
DA:101,0
DA:102,0
DA:104,0
DA:107,0
DA:110,0
DA:113,0
DA:116,0
DA:121,0
DA:122,0
DA:123,0
DA:125,0
DA:131,0
DA:132,0
DA:136,0
DA:137,0
DA:140,0
DA:141,0
DA:145,0
DA:146,0
DA:149,0
DA:152,0
DA:153,0
DA:158,0
DA:167,0
DA:168,0
DA:174,0
DA:175,0
DA:177,0
DA:178,0
DA:180,0
DA:182,0
DA:191,0
DA:192,0
DA:194,0
DA:195,0
DA:197,0
DA:198,0
DA:200,0
DA:203,0
DA:206,0
DA:216,0
DA:222,0
DA:232,0
DA:234,0
DA:242,0
DA:245,0
DA:246,0
DA:247,0
DA:249,0
DA:250,0
DA:252,0
DA:255,0
DA:265,0
DA:273,0
DA:283,0
DA:286,0
DA:287,0
DA:294,0
DA:300,1
DA:304,1
DA:307,0
DA:311,0
DA:314,0
DA:315,0
DA:326,0
DA:328,0
DA:329,0
DA:330,0
DA:331,0
DA:340,0
DA:341,0
DA:342,0
DA:346,0
DA:360,0
DA:362,0
DA:363,0
DA:364,0
DA:370,0
DA:371,0
DA:372,0
DA:373,0
DA:378,0
DA:379,0
DA:380,0
DA:382,0
DA:383,0
DA:386,0
DA:387,0
DA:388,0
DA:391,0
DA:402,1
DA:421,0
DA:422,0
DA:423,0
DA:424,0
DA:427,0
DA:428,0
DA:429,0
DA:432,0
DA:435,0
DA:438,0
DA:439,0
DA:442,0
DA:445,0
DA:448,0
DA:450,0
DA:463,1
DA:465,0
DA:468,0
DA:469,0
DA:472,0
DA:473,0
DA:474,0
DA:476,0
DA:477,0
DA:478,0
DA:482,0
DA:483,0
DA:484,0
DA:487,0
DA:491,0
DA:496,0
DA:497,0
DA:499,0
DA:500,0
DA:501,0
DA:503,0
DA:504,0
DA:506,0
DA:508,0
DA:509,0
DA:510,0
DA:512,0
DA:513,0
DA:517,0
DA:528,1
DA:546,0
DA:549,0
DA:550,0
DA:554,0
DA:555,0
DA:558,0
DA:559,0
DA:560,0
DA:564,0
DA:568,0
DA:574,0
DA:588,0
DA:600,1
DA:609,0
DA:611,0
DA:613,0
DA:616,0
DA:617,0
DA:618,0
DA:621,0
DA:622,0
DA:623,0
DA:624,0
DA:625,0
DA:629,0
DA:630,0
DA:634,0
DA:639,0
DA:647,0
DA:650,0
DA:651,0
DA:654,0
DA:661,0
DA:662,0
DA:663,0
DA:664,0
DA:665,0
DA:666,0
DA:671,0
DA:672,0
DA:673,0
DA:674,0
DA:675,0
DA:680,0
DA:681,0
DA:685,0
DA:688,0
DA:691,0
DA:704,0
DA:717,1
DA:752,1
DA:775,1
DA:798,1
DA:821,1
DA:835,1
DA:844,1
DA:864,1
DA:874,1
DA:887,1
DA:888,0
DA:889,0
DA:891,0
DA:893,0
DA:894,0
DA:903,0
DA:906,0
DA:912,0
DA:921,0
DA:922,0
DA:929,0
DA:932,0
DA:938,0
DA:947,0
DA:948,0
DA:955,0
DA:958,0
DA:964,0
DA:973,0
DA:974,0
DA:981,0
DA:984,0
DA:990,0
DA:999,0
DA:1000,0
DA:1002,0
DA:1004,0
DA:1005,0
DA:1007,0
DA:1008,0
DA:1009,0
DA:1010,0
DA:1011,0
DA:1013,0
DA:1014,0
DA:1017,0
DA:1021,0
DA:1030,0
DA:1031,0
DA:1033,0
DA:1035,0
DA:1036,0
DA:1038,0
DA:1039,0
DA:1040,0
DA:1041,0
DA:1042,0
DA:1046,0
DA:1055,0
DA:1056,0
DA:1061,0
DA:1062,0
DA:1063,0
DA:1064,0
DA:1065,0
DA:1067,0
DA:1068,0
DA:1071,0
DA:1072,0
DA:1073,0
DA:1075,0
DA:1084,0
DA:1092,0
DA:1093,0
DA:1105,1
DA:1107,1
DA:1109,1
DA:1111,1
DA:1112,1
DA:1115,1
DA:1118,1
DA:1119,1
DA:1120,3
DA:1121,0
DA:1122,0
DA:1123,0
DA:1124,0
DA:1125,0
DA:1127,0
DA:1128,0
DA:1133,0
DA:1134,0
DA:1139,1
DA:1140,0
DA:1141,0
DA:1144,1
DA:1145,0
DA:1146,0
DA:1150,1
DA:1153,1
DA:1154,0
DA:1156,1
DA:1157,1
DA:1158,1
DA:1159,1
DA:1160,1
DA:1161,1
DA:1165,0
DA:1166,0
DA:1167,0
DA:1171,0
DA:1172,0
DA:1175,0
DA:1176,0
DA:1182,0
DA:1184,0
DA:1185,0
DA:1186,0
DA:1188,0
DA:1189,0
DA:1192,0
DA:1197,0
DA:1198,0
DA:1199,0
DA:1200,0
DA:1203,0
DA:1207,0
DA:1209,0
DA:1210,0
DA:1212,0
DA:1213,0
DA:1218,0
DA:1219,0
DA:1220,0
DA:1222,0
DA:1223,0
DA:1226,0
DA:1231,0
DA:1232,0
DA:1233,0
DA:1234,0
DA:1235,0
DA:1237,0
DA:1238,0
DA:1242,1
LF:345
LH:46
BRDA:63,0,0,1
BRDA:63,0,1,0
BRDA:64,1,0,1
BRDA:64,1,1,0
BRDA:79,2,0,1
BRDA:79,2,1,0
BRDA:79,2,2,0
BRDA:79,2,3,0
BRDA:79,2,4,0
BRDA:81,3,0,0
BRDA:91,4,0,0
BRDA:101,5,0,0
BRDA:111,6,0,0
BRDA:111,6,1,0
BRDA:123,7,0,0
BRDA:123,7,1,0
BRDA:123,7,2,0
BRDA:123,7,3,0
BRDA:123,7,4,0
BRDA:125,8,0,0
BRDA:125,8,1,0
BRDA:127,9,0,0
BRDA:127,9,1,0
BRDA:141,10,0,0
BRDA:141,10,1,0
BRDA:154,11,0,0
BRDA:154,11,1,0
BRDA:155,12,0,0
BRDA:155,12,1,0
BRDA:156,13,0,0
BRDA:156,13,1,0
BRDA:162,14,0,0
BRDA:167,15,0,0
BRDA:167,15,1,0
BRDA:174,16,0,0
BRDA:174,16,1,0
BRDA:175,17,0,0
BRDA:175,17,1,0
BRDA:178,18,0,0
BRDA:178,18,1,0
BRDA:178,18,2,0
BRDA:178,18,3,0
BRDA:178,18,4,0
BRDA:186,19,0,0
BRDA:186,19,1,0
BRDA:187,20,0,0
BRDA:187,20,1,0
BRDA:195,21,0,0
BRDA:195,21,1,0
BRDA:195,22,0,0
BRDA:195,22,1,0
BRDA:197,23,0,0
BRDA:197,23,1,0
BRDA:198,24,0,0
BRDA:198,24,1,0
BRDA:209,25,0,0
BRDA:209,25,1,0
BRDA:210,26,0,0
BRDA:210,26,1,0
BRDA:223,27,0,0
BRDA:223,27,1,0
BRDA:225,28,0,0
BRDA:225,28,1,0
BRDA:226,29,0,0
BRDA:226,29,1,0
BRDA:245,30,0,0
BRDA:245,30,1,0
BRDA:247,31,0,0
BRDA:247,31,1,0
BRDA:249,32,0,0
BRDA:249,32,1,0
BRDA:258,33,0,0
BRDA:258,33,1,0
BRDA:259,34,0,0
BRDA:259,34,1,0
BRDA:288,35,0,0
BRDA:288,35,1,0
BRDA:289,36,0,0
BRDA:289,36,1,0
BRDA:290,37,0,0
BRDA:290,37,1,0
BRDA:314,38,0,0
BRDA:314,38,1,0
BRDA:330,39,0,0
BRDA:363,40,0,0
BRDA:370,41,0,0
BRDA:370,41,1,0
BRDA:372,42,0,0
BRDA:379,43,0,0
BRDA:379,43,1,0
BRDA:382,44,0,0
BRDA:382,44,1,0
BRDA:387,45,0,0
BRDA:387,46,0,0
BRDA:387,46,1,0
BRDA:424,47,0,0
BRDA:424,47,1,0
BRDA:427,48,0,0
BRDA:427,48,1,0
BRDA:427,48,2,0
BRDA:432,49,0,0
BRDA:432,49,1,0
BRDA:435,50,0,0
BRDA:435,50,1,0
BRDA:438,51,0,0
BRDA:438,51,1,0
BRDA:439,52,0,0
BRDA:442,53,0,0
BRDA:465,54,0,0
BRDA:476,55,0,0
BRDA:483,56,0,0
BRDA:483,56,1,0
BRDA:506,57,0,0
BRDA:512,58,0,0
BRDA:520,59,0,0
BRDA:520,59,1,0
BRDA:522,60,0,0
BRDA:522,60,1,0
BRDA:546,61,0,0
BRDA:546,61,1,0
BRDA:549,62,0,0
BRDA:554,63,0,0
BRDA:554,64,0,0
BRDA:554,64,1,0
BRDA:559,65,0,0
BRDA:559,66,0,0
BRDA:559,66,1,0
BRDA:559,66,2,0
BRDA:568,67,0,0
BRDA:568,67,1,0
BRDA:573,68,0,0
BRDA:573,69,0,0
BRDA:587,70,0,0
BRDA:604,71,0,0
BRDA:605,72,0,0
BRDA:606,73,0,0
BRDA:607,74,0,0
BRDA:608,75,0,0
BRDA:622,76,0,0
BRDA:622,76,1,0
BRDA:622,77,0,0
BRDA:622,77,1,0
BRDA:624,78,0,0
BRDA:625,79,0,0
BRDA:625,79,1,0
BRDA:630,80,0,0
BRDA:630,80,1,0
BRDA:634,81,0,0
BRDA:634,81,1,0
BRDA:663,82,0,0
BRDA:663,83,0,0
BRDA:663,83,1,0
BRDA:671,84,0,0
BRDA:673,85,0,0
BRDA:680,86,0,0
BRDA:680,87,0,0
BRDA:680,87,1,0
BRDA:688,88,0,0
BRDA:688,88,1,0
BRDA:688,89,0,0
BRDA:688,89,1,0
BRDA:893,90,0,0
BRDA:893,91,0,0
BRDA:893,91,1,0
BRDA:897,92,0,0
BRDA:897,92,1,0
BRDA:921,93,0,0
BRDA:921,94,0,0
BRDA:921,94,1,0
BRDA:925,95,0,0
BRDA:925,95,1,0
BRDA:947,96,0,0
BRDA:947,97,0,0
BRDA:947,97,1,0
BRDA:951,98,0,0
BRDA:951,98,1,0
BRDA:973,99,0,0
BRDA:973,100,0,0
BRDA:973,100,1,0
BRDA:977,101,0,0
BRDA:977,101,1,0
BRDA:999,102,0,0
BRDA:1004,103,0,0
BRDA:1004,103,1,0
BRDA:1004,104,0,0
BRDA:1004,104,1,0
BRDA:1013,105,0,0
BRDA:1030,106,0,0
BRDA:1035,107,0,0
BRDA:1035,107,1,0
BRDA:1035,108,0,0
BRDA:1035,108,1,0
BRDA:1055,109,0,0
BRDA:1055,110,0,0
BRDA:1055,110,1,0
BRDA:1058,111,0,0
BRDA:1058,111,1,0
BRDA:1061,112,0,0
BRDA:1061,112,1,0
BRDA:1067,113,0,0
BRDA:1067,114,0,0
BRDA:1067,114,1,0
BRDA:1096,115,0,0
BRDA:1096,115,1,0
BRDA:1153,116,0,0
BRDA:1153,116,1,1
BRDA:1165,117,0,0
BRDA:1171,118,0,0
BRF:208
BRH:4
end_of_record
TN:
SF:src/server.ts
FN:61,(anonymous_0)
FN:82,(anonymous_1)
FN:90,(anonymous_2)
FN:110,(anonymous_3)
FN:115,(anonymous_4)
FN:120,startServer
FN:150,(anonymous_6)
FN:157,(anonymous_7)
FN:164,(anonymous_8)
FNF:9
FNH:0
FNDA:0,(anonymous_0)
FNDA:0,(anonymous_1)
FNDA:0,(anonymous_2)
FNDA:0,(anonymous_3)
FNDA:0,(anonymous_4)
FNDA:0,startServer
FNDA:0,(anonymous_6)
FNDA:0,(anonymous_7)
FNDA:0,(anonymous_8)
DA:16,1
DA:20,1
DA:21,1
DA:24,1
DA:26,1
DA:34,1
DA:35,0
DA:36,0
DA:40,1
DA:42,1
DA:51,1
DA:61,1
DA:63,0
DA:64,0
DA:65,0
DA:66,0
DA:71,0
DA:76,1
DA:79,1
DA:82,1
DA:83,0
DA:84,0
DA:85,0
DA:90,1
DA:91,0
DA:92,0
DA:93,0
DA:99,0
DA:100,0
DA:106,0
DA:110,1
DA:111,0
DA:112,0
DA:115,1
DA:116,0
DA:117,0
DA:121,0
DA:123,0
DA:129,0
DA:130,0
DA:131,0
DA:134,0
DA:136,0
DA:145,0
DA:150,0
DA:151,0
DA:152,0
DA:153,0
DA:157,0
DA:158,0
DA:159,0
DA:160,0
DA:164,0
DA:165,0
DA:166,0
DA:167,0
DA:172,0
DA:173,0
DA:178,0
DA:181,0
LF:60
LH:16
BRDA:30,0,0,1
BRDA:30,0,1,1
BRDA:34,1,0,0
BRDA:46,2,0,0
BRDA:46,2,1,1
BRDA:63,3,0,0
BRDA:84,4,0,0
BRDA:91,5,0,0
BRDA:91,5,1,0
BRDA:106,6,0,0
BRDA:106,6,1,0
BRDA:129,7,0,0
BRDA:141,8,0,0
BRDA:141,8,1,0
BRDA:152,9,0,0
BRDA:159,10,0,0
BRDA:165,11,0,0
BRDA:165,11,1,0
BRDA:178,12,0,0
BRDA:178,12,1,0
BRF:20
BRH:3
end_of_record
TN:
SF:src/test-query.ts
FN:17,isChainOfDraftResponse
FN:31,(anonymous_1)
FN:34,(anonymous_2)
FN:38,(anonymous_3)
FN:42,(anonymous_4)
FN:46,(anonymous_5)
FN:57,testChainOfDraft
FN:97,(anonymous_7)
FNF:8
FNH:3
FNDA:19,isChainOfDraftResponse
FNDA:0,(anonymous_1)
FNDA:0,(anonymous_2)
FNDA:0,(anonymous_3)
FNDA:0,(anonymous_4)
FNDA:0,(anonymous_5)
FNDA:2,testChainOfDraft
FNDA:4,(anonymous_7)
DA:18,19
DA:29,2
DA:30,0
DA:32,0
DA:35,0
DA:36,0
DA:39,0
DA:40,0
DA:43,0
DA:44,0
DA:47,0
DA:48,0
DA:49,0
DA:50,0
DA:51,0
DA:52,0
DA:58,2
DA:59,2
DA:62,2
DA:63,2
DA:64,2
DA:65,2
DA:67,2
DA:68,6
DA:69,6
DA:81,5
DA:82,5
DA:85,0
DA:87,0
DA:88,0
DA:91,0
DA:92,0
DA:94,6
DA:95,6
DA:96,4
DA:97,4
DA:99,2
DA:104,0
DA:105,0
DA:108,0
DA:109,0
DA:110,0
DA:111,0
DA:112,0
DA:119,0
DA:121,2
DA:122,2
DA:130,2
DA:131,0
LF:49
LH:21
BRDA:19,0,0,19
BRDA:19,0,1,14
BRDA:19,0,2,12
BRDA:19,0,3,8
BRDA:19,0,4,6
BRDA:19,0,5,4
BRDA:29,1,0,0
BRDA:67,2,0,6
BRDA:67,2,1,6
BRDA:81,3,0,5
BRDA:87,4,0,0
BRDA:95,5,0,4
BRDA:95,5,1,2
BRDA:104,6,0,0
BRDA:130,7,0,0
BRF:15
BRH:11
end_of_record
TN:
SF:src/core/config.ts
FN:61,(anonymous_0)
FN:68,(anonymous_1)
FN:87,(anonymous_2)
FN:129,(anonymous_3)
FN:154,(anonymous_4)
FNF:5
FNH:5
FNDA:7,(anonymous_0)
FNDA:14,(anonymous_1)
FNDA:35,(anonymous_2)
FNDA:3,(anonymous_3)
FNDA:21,(anonymous_4)
DA:8,7
DA:11,7
DA:61,7
DA:62,7
DA:64,7
DA:67,7
DA:68,7
DA:69,14
DA:70,0
DA:71,0
DA:72,0
DA:73,0
DA:74,0
DA:80,7
DA:87,7
DA:88,35
DA:89,0
DA:93,7
DA:95,0
DA:96,0
DA:101,7
DA:127,7
DA:129,7
DA:130,3
DA:132,3
DA:133,3
DA:134,3
DA:136,3
DA:137,0
DA:138,0
DA:141,3
DA:142,3
DA:145,3
DA:146,3
DA:149,3
DA:150,3
DA:153,3
DA:154,3
DA:155,21
DA:167,3
DA:168,3
DA:172,3
DA:174,3
DA:176,0
DA:177,0
LF:45
LH:33
BRDA:69,0,0,0
BRDA:71,1,0,0
BRDA:71,1,1,0
BRDA:71,2,0,0
BRDA:71,2,1,0
BRDA:71,2,2,0
BRDA:73,3,0,0
BRDA:73,4,0,0
BRDA:73,4,1,0
BRDA:73,4,2,0
BRDA:88,5,0,0
BRDA:96,6,0,0
BRDA:96,6,1,0
BRDA:130,7,0,0
BRDA:136,8,0,0
BRDA:145,9,0,3
BRDA:149,10,0,3
BRDA:153,11,0,3
BRDA:160,12,0,21
BRDA:160,12,1,0
BRDA:167,13,0,3
BRDA:172,14,0,3
BRDA:172,14,1,0
BRF:23
BRH:6
end_of_record
TN:
SF:src/core/llm-client.ts
FN:27,(anonymous_0)
FN:45,(anonymous_1)
FN:93,(anonymous_2)
FN:101,(anonymous_3)
FN:114,(anonymous_4)
FN:132,(anonymous_5)
FN:138,(anonymous_6)
FN:143,(anonymous_7)
FN:149,(anonymous_8)
FN:163,(anonymous_9)
FN:183,(anonymous_10)
FN:190,(anonymous_11)
FN:197,(anonymous_12)
FN:204,(anonymous_13)
FN:218,(anonymous_14)
FN:260,(anonymous_15)
FN:338,(anonymous_16)
FN:352,(anonymous_17)
FN:431,(anonymous_18)
FN:432,(anonymous_19)
FNF:20
FNH:7
FNDA:7,(anonymous_0)
FNDA:7,(anonymous_1)
FNDA:0,(anonymous_2)
FNDA:7,(anonymous_3)
FNDA:7,(anonymous_4)
FNDA:0,(anonymous_5)
FNDA:0,(anonymous_6)
FNDA:0,(anonymous_7)
FNDA:0,(anonymous_8)
FNDA:0,(anonymous_9)
FNDA:1,(anonymous_10)
FNDA:2,(anonymous_11)
FNDA:3,(anonymous_12)
FNDA:0,(anonymous_13)
FNDA:0,(anonymous_14)
FNDA:0,(anonymous_15)
FNDA:0,(anonymous_16)
FNDA:0,(anonymous_17)
FNDA:0,(anonymous_18)
FNDA:0,(anonymous_19)
DA:20,7
DA:29,7
DA:30,7
DA:32,7
DA:39,7
DA:46,7
DA:48,7
DA:50,0
DA:52,0
DA:54,7
DA:55,0
DA:57,7
DA:61,7
DA:64,0
DA:65,0
DA:67,0
DA:71,0
DA:74,0
DA:75,0
DA:77,0
DA:80,0
DA:83,0
DA:86,0
DA:89,0
DA:93,7
DA:94,0
DA:102,7
DA:103,7
DA:104,0
DA:105,0
DA:107,0
DA:115,7
DA:117,7
DA:118,7
DA:120,7
DA:127,0
DA:128,0
DA:131,0
DA:132,0
DA:136,0
DA:137,0
DA:138,0
DA:141,0
DA:142,0
DA:143,0
DA:147,0
DA:148,0
DA:149,0
DA:152,0
DA:155,0
DA:156,0
DA:164,0
DA:166,0
DA:167,0
DA:170,0
DA:171,0
DA:174,0
DA:175,0
DA:176,0
DA:184,1
DA:191,2
DA:198,3
DA:206,0
DA:207,0
DA:211,0
DA:212,0
DA:235,0
DA:236,0
DA:238,0
DA:245,0
DA:247,0
DA:248,0
DA:251,0
DA:260,0
DA:262,0
DA:268,0
DA:273,0
DA:275,0
DA:277,0
DA:279,0
DA:289,0
DA:290,0
DA:291,0
DA:292,0
DA:293,0
DA:294,0
DA:295,0
DA:297,0
DA:301,0
DA:308,0
DA:312,0
DA:314,0
DA:323,0
DA:330,0
DA:334,0
DA:336,0
DA:338,0
DA:348,0
DA:349,0
DA:351,0
DA:352,0
DA:353,0
DA:355,0
DA:356,0
DA:358,0
DA:361,0
DA:368,0
DA:372,0
DA:374,0
DA:385,0
DA:392,0
DA:396,0
DA:399,0
DA:401,0
DA:413,0
DA:415,0
DA:417,0
DA:427,0
DA:432,0
DA:436,0
DA:437,0
DA:438,0
DA:441,0
DA:444,0
DA:447,0
DA:456,4
LF:126
LH:21
BRDA:48,0,0,0
BRDA:48,0,1,7
BRDA:48,0,2,0
BRDA:48,0,3,0
BRDA:48,0,4,0
BRDA:48,0,5,0
BRDA:54,1,0,0
BRDA:64,2,0,0
BRDA:74,3,0,0
BRDA:118,4,0,7
BRDA:118,4,1,0
BRDA:118,4,2,0
BRDA:118,4,3,0
BRDA:118,4,4,0
BRDA:122,5,0,7
BRDA:122,5,1,0
BRDA:127,6,0,0
BRDA:136,7,0,0
BRDA:141,8,0,0
BRDA:143,9,0,0
BRDA:143,9,1,0
BRDA:147,10,0,0
BRDA:164,11,0,0
BRDA:166,12,0,0
BRDA:175,13,0,0
BRDA:206,14,0,0
BRDA:220,15,0,0
BRDA:222,16,0,0
BRDA:223,17,0,0
BRDA:224,18,0,0
BRDA:235,19,0,0
BRDA:235,19,1,0
BRDA:247,20,0,0
BRDA:273,21,0,0
BRDA:273,21,1,0
BRDA:273,21,2,0
BRDA:273,21,3,0
BRDA:273,21,4,0
BRDA:275,22,0,0
BRDA:290,23,0,0
BRDA:290,24,0,0
BRDA:290,24,1,0
BRDA:292,25,0,0
BRDA:292,25,1,0
BRDA:292,26,0,0
BRDA:292,26,1,0
BRDA:292,26,2,0
BRDA:294,27,0,0
BRDA:294,27,1,0
BRDA:304,28,0,0
BRDA:304,28,1,0
BRDA:305,29,0,0
BRDA:305,29,1,0
BRDA:312,30,0,0
BRDA:324,31,0,0
BRDA:324,31,1,0
BRDA:326,32,0,0
BRDA:326,32,1,0
BRDA:327,33,0,0
BRDA:327,33,1,0
BRDA:334,34,0,0
BRDA:351,35,0,0
BRDA:351,35,1,0
BRDA:353,36,0,0
BRDA:353,36,1,0
BRDA:355,37,0,0
BRDA:355,37,1,0
BRDA:364,38,0,0
BRDA:364,38,1,0
BRDA:365,39,0,0
BRDA:365,39,1,0
BRDA:372,40,0,0
BRDA:404,41,0,0
BRDA:404,41,1,0
BRDA:404,42,0,0
BRDA:404,42,1,0
BRDA:408,43,0,0
BRDA:408,43,1,0
BRDA:409,44,0,0
BRDA:409,44,1,0
BRDA:420,45,0,0
BRDA:420,45,1,0
BRDA:436,46,0,0
BRDA:436,46,1,0
BRDA:436,47,0,0
BRDA:436,47,1,0
BRDA:438,48,0,0
BRDA:438,48,1,0
BRF:88
BRH:3
end_of_record
TN:
SF:src/evaluation/evaluator.ts
FN:21,(anonymous_0)
FN:49,(anonymous_1)
FN:105,(anonymous_2)
FN:157,(anonymous_3)
FN:198,(anonymous_4)
FN:213,(anonymous_5)
FN:235,(anonymous_6)
FN:273,(anonymous_7)
FN:276,(anonymous_8)
FN:289,(anonymous_9)
FN:297,(anonymous_10)
FNF:11
FNH:0
FNDA:0,(anonymous_0)
FNDA:0,(anonymous_1)
FNDA:0,(anonymous_2)
FNDA:0,(anonymous_3)
FNDA:0,(anonymous_4)
FNDA:0,(anonymous_5)
FNDA:0,(anonymous_6)
FNDA:0,(anonymous_7)
FNDA:0,(anonymous_8)
FNDA:0,(anonymous_9)
FNDA:0,(anonymous_10)
DA:22,0
DA:23,0
DA:27,0
DA:33,0
DA:34,0
DA:40,0
DA:53,0
DA:55,0
DA:56,0
DA:61,0
DA:68,0
DA:69,0
DA:71,0
DA:84,0
DA:86,0
DA:88,0
DA:98,0
DA:107,0
DA:110,0
DA:112,0
DA:114,0
DA:125,0
DA:126,0
DA:127,0
DA:130,0
DA:133,0
DA:138,0
DA:149,0
DA:150,0
DA:158,0
DA:199,0
DA:218,0
DA:219,0
DA:220,0
DA:224,0
DA:229,0
DA:238,0
DA:239,0
DA:241,0
DA:246,0
DA:247,0
DA:248,0
DA:249,0
DA:251,0
DA:259,0
DA:261,0
DA:267,0
DA:274,0
DA:275,0
DA:276,0
DA:278,0
DA:282,0
DA:290,0
DA:291,0
DA:298,0
DA:303,0
DA:308,0
LF:57
LH:0
BRDA:22,0,0,0
BRDA:91,1,0,0
BRDA:91,1,1,0
BRDA:126,2,0,0
BRDA:139,3,0,0
BRDA:139,3,1,0
BRDA:140,4,0,0
BRDA:140,4,1,0
BRDA:141,5,0,0
BRDA:141,5,1,0
BRDA:144,6,0,0
BRDA:144,6,1,0
BRDA:150,7,0,0
BRDA:150,7,1,0
BRDA:218,8,0,0
BRDA:218,8,1,0
BRDA:219,9,0,0
BRDA:219,9,1,0
BRDA:220,10,0,0
BRDA:220,10,1,0
BRF:20
BRH:0
end_of_record
TN:
SF:src/export/data-exporter.ts
FN:24,(anonymous_0)
FN:32,(anonymous_1)
FN:47,(anonymous_2)
FN:132,(anonymous_3)
FN:144,(anonymous_4)
FN:191,(anonymous_5)
FN:200,(anonymous_6)
FN:203,(anonymous_7)
FN:208,(anonymous_8)
FN:256,(anonymous_9)
FN:265,(anonymous_10)
FN:268,(anonymous_11)
FN:273,(anonymous_12)
FN:346,(anonymous_13)
FN:357,(anonymous_14)
FN:374,(anonymous_15)
FN:423,(anonymous_16)
FN:431,(anonymous_17)
FNF:18
FNH:13
FNDA:1,(anonymous_0)
FNDA:1,(anonymous_1)
FNDA:4,(anonymous_2)
FNDA:1,(anonymous_3)
FNDA:2,(anonymous_4)
FNDA:2,(anonymous_5)
FNDA:2,(anonymous_6)
FNDA:0,(anonymous_7)
FNDA:2,(anonymous_8)
FNDA:1,(anonymous_9)
FNDA:1,(anonymous_10)
FNDA:0,(anonymous_11)
FNDA:1,(anonymous_12)
FNDA:7,(anonymous_13)
FNDA:0,(anonymous_14)
FNDA:1,(anonymous_15)
FNDA:0,(anonymous_16)
FNDA:0,(anonymous_17)
DA:16,1
DA:25,1
DA:26,1
DA:33,1
DA:34,1
DA:35,0
DA:36,0
DA:39,0
DA:40,0
DA:55,4
DA:58,4
DA:66,4
DA:68,4
DA:69,4
DA:70,1
DA:73,4
DA:81,4
DA:82,4
DA:83,4
DA:86,4
DA:88,3
DA:89,2
DA:92,1
DA:93,1
DA:96,0
DA:97,0
DA:100,0
DA:104,3
DA:105,3
DA:107,3
DA:109,3
DA:116,3
DA:124,1
DA:125,1
DA:144,1
DA:145,2
DA:147,2
DA:148,2
DA:149,2
DA:151,2
DA:152,2
DA:153,2
DA:154,1
DA:157,0
DA:158,0
DA:162,0
DA:163,0
DA:164,0
DA:166,0
DA:167,0
DA:168,0
DA:169,0
DA:172,0
DA:173,0
DA:177,0
DA:178,0
DA:179,0
DA:180,0
DA:184,1
DA:200,2
DA:201,2
DA:203,2
DA:204,0
DA:205,0
DA:208,2
DA:209,2
DA:213,2
DA:214,3
DA:220,3
DA:221,3
DA:235,3
DA:236,0
DA:246,3
DA:249,2
DA:265,1
DA:266,1
DA:268,1
DA:269,0
DA:270,0
DA:273,1
DA:274,1
DA:278,1
DA:280,1
DA:281,1
DA:292,1
DA:293,1
DA:302,1
DA:305,1
DA:306,1
DA:311,1
DA:312,1
DA:323,1
DA:324,0
DA:330,1
DA:332,1
DA:336,1
DA:339,1
DA:348,7
DA:349,0
DA:351,7
DA:367,0
DA:368,0
DA:379,1
DA:380,1
DA:381,1
DA:383,1
DA:402,1
DA:403,0
DA:414,1
DA:415,1
DA:417,1
DA:424,0
DA:425,0
DA:432,0
DA:437,1
LF:115
LH:80
BRDA:34,0,0,0
BRDA:53,1,0,1
BRDA:59,2,0,4
BRDA:59,2,1,1
BRDA:60,3,0,4
BRDA:60,3,1,4
BRDA:61,4,0,4
BRDA:61,4,1,3
BRDA:62,5,0,0
BRDA:62,5,1,4
BRDA:63,6,0,2
BRDA:63,6,1,2
BRDA:69,7,0,1
BRDA:69,8,0,4
BRDA:69,8,1,0
BRDA:70,9,0,1
BRDA:70,9,1,0
BRDA:86,10,0,3
BRDA:86,10,1,1
BRDA:86,10,2,0
BRDA:86,10,3,0
BRDA:147,11,0,2
BRDA:147,11,1,0
BRDA:149,12,0,2
BRDA:149,12,1,0
BRDA:153,13,0,1
BRDA:157,14,0,0
BRDA:162,15,0,0
BRDA:162,15,1,0
BRDA:164,16,0,0
BRDA:164,16,1,0
BRDA:168,17,0,0
BRDA:172,18,0,0
BRDA:177,19,0,0
BRDA:177,20,0,0
BRDA:177,20,1,0
BRDA:179,21,0,0
BRDA:220,22,0,3
BRDA:235,23,0,0
BRDA:235,24,0,3
BRDA:235,24,1,3
BRDA:280,25,0,1
BRDA:292,26,0,1
BRDA:311,27,0,1
BRDA:323,28,0,0
BRDA:323,28,1,1
BRDA:323,29,0,1
BRDA:323,29,1,1
BRDA:330,30,0,1
BRDA:348,31,0,0
BRDA:402,32,0,0
BRF:51
BRH:28
end_of_record
TN:
SF:src/grpo/chain-of-draft-generator.ts
FN:102,(anonymous_0)
FN:119,(anonymous_1)
FNF:2
FNH:2
FNDA:8,(anonymous_0)
FNDA:2,(anonymous_1)
DA:7,2
DA:99,2
DA:102,2
DA:103,8
DA:104,8
DA:105,8
DA:109,2
DA:110,2
DA:111,2
DA:112,2
DA:115,2
DA:122,2
DA:123,0
DA:124,0
DA:125,2
DA:126,0
DA:127,0
DA:128,2
DA:129,0
DA:130,0
DA:132,2
DA:133,2
LF:22
LH:16
BRDA:122,0,0,0
BRDA:122,0,1,2
BRDA:125,1,0,0
BRDA:125,1,1,2
BRDA:128,2,0,0
BRDA:128,2,1,2
BRF:6
BRH:3
end_of_record
TN:
SF:src/grpo/prompt-generator.ts
FN:16,(anonymous_0)
FN:25,(anonymous_1)
FN:59,(anonymous_2)
FN:97,(anonymous_3)
FN:104,(anonymous_4)
FN:111,(anonymous_5)
FN:112,(anonymous_6)
FN:118,(anonymous_7)
FN:119,(anonymous_8)
FN:125,(anonymous_9)
FN:147,(anonymous_10)
FN:176,(anonymous_11)
FN:193,(anonymous_12)
FN:246,(anonymous_13)
FN:264,(anonymous_14)
FN:271,(anonymous_15)
FN:275,(anonymous_16)
FN:301,(anonymous_17)
FN:335,(anonymous_18)
FN:404,(anonymous_19)
FN:432,(anonymous_20)
FN:443,(anonymous_21)
FN:460,(anonymous_22)
FN:478,(anonymous_23)
FN:488,(anonymous_24)
FN:491,(anonymous_25)
FN:494,(anonymous_26)
FN:515,(anonymous_27)
FNF:28
FNH:3
FNDA:3,(anonymous_0)
FNDA:3,(anonymous_1)
FNDA:0,(anonymous_2)
FNDA:0,(anonymous_3)
FNDA:0,(anonymous_4)
FNDA:0,(anonymous_5)
FNDA:0,(anonymous_6)
FNDA:0,(anonymous_7)
FNDA:0,(anonymous_8)
FNDA:8,(anonymous_9)
FNDA:0,(anonymous_10)
FNDA:0,(anonymous_11)
FNDA:0,(anonymous_12)
FNDA:0,(anonymous_13)
FNDA:0,(anonymous_14)
FNDA:0,(anonymous_15)
FNDA:0,(anonymous_16)
FNDA:0,(anonymous_17)
FNDA:0,(anonymous_18)
FNDA:0,(anonymous_19)
FNDA:0,(anonymous_20)
FNDA:0,(anonymous_21)
FNDA:0,(anonymous_22)
FNDA:0,(anonymous_23)
FNDA:0,(anonymous_24)
FNDA:0,(anonymous_25)
FNDA:0,(anonymous_26)
FNDA:0,(anonymous_27)
DA:12,3
DA:13,3
DA:17,3
DA:18,3
DA:19,3
DA:26,3
DA:27,3
DA:30,3
DA:32,3
DA:33,21
DA:35,21
DA:48,21
DA:49,21
DA:53,0
DA:55,0
DA:56,0
DA:59,0
DA:67,0
DA:80,0
DA:81,0
DA:83,0
DA:87,3
DA:89,0
DA:90,0
DA:98,0
DA:105,0
DA:112,0
DA:119,0
DA:126,8
DA:127,8
DA:129,8
DA:136,8
DA:137,8
DA:139,8
DA:141,8
DA:148,0
DA:150,0
DA:151,0
DA:152,0
DA:155,0
DA:162,0
DA:164,0
DA:165,0
DA:168,0
DA:170,0
DA:177,0
DA:178,0
DA:179,0
DA:182,0
DA:183,0
DA:185,0
DA:187,0
DA:194,0
DA:196,0
DA:197,0
DA:201,0
DA:204,0
DA:207,0
DA:208,0
DA:209,0
DA:212,0
DA:213,0
DA:217,0
DA:218,0
DA:219,0
DA:222,0
DA:223,0
DA:226,0
DA:234,0
DA:240,0
DA:247,0
DA:249,0
DA:250,0
DA:251,0
DA:252,0
DA:254,0
DA:258,0
DA:265,0
DA:268,0
DA:270,0
DA:271,0
DA:274,0
DA:275,0
DA:278,0
DA:279,0
DA:280,0
DA:284,0
DA:285,0
DA:287,0
DA:288,0
DA:289,0
DA:291,0
DA:295,0
DA:302,0
DA:304,0
DA:305,0
DA:306,0
DA:310,0
DA:313,0
DA:316,0
DA:317,0
DA:319,0
DA:320,0
DA:322,0
DA:329,0
DA:336,0
DA:338,0
DA:339,0
DA:340,0
DA:344,0
DA:345,0
DA:346,0
DA:347,0
DA:351,0
DA:362,0
DA:365,0
DA:367,0
DA:370,0
DA:374,0
DA:375,0
DA:376,0
DA:379,0
DA:382,0
DA:383,0
DA:384,0
DA:389,0
DA:390,0
DA:392,0
DA:398,0
DA:406,0
DA:407,0
DA:410,0
DA:417,0
DA:420,0
DA:422,0
DA:424,0
DA:425,0
DA:433,0
DA:434,0
DA:436,0
DA:443,0
DA:452,0
DA:453,0
DA:461,0
DA:462,0
DA:466,0
DA:467,0
DA:468,0
DA:469,0
DA:472,0
DA:479,0
DA:480,0
DA:483,0
DA:484,0
DA:488,0
DA:491,0
DA:494,0
DA:497,0
DA:500,0
DA:501,0
DA:502,0
DA:503,0
DA:504,0
DA:509,0
DA:520,0
DA:521,0
DA:525,0
DA:526,0
DA:530,0
DA:532,0
DA:535,0
DA:538,0
DA:541,0
DA:547,3
LF:174
LH:22
BRDA:30,0,0,3
BRDA:30,0,1,0
BRDA:30,1,0,3
BRDA:30,1,1,3
BRDA:38,2,0,21
BRDA:38,2,1,0
BRDA:39,3,0,21
BRDA:39,3,1,21
BRDA:40,4,0,21
BRDA:40,4,1,21
BRDA:41,5,0,21
BRDA:41,5,1,0
BRDA:42,6,0,21
BRDA:42,6,1,21
BRDA:43,7,0,21
BRDA:43,7,1,21
BRDA:49,8,0,21
BRDA:49,8,1,0
BRDA:53,9,0,0
BRDA:53,10,0,0
BRDA:53,10,1,0
BRDA:59,11,0,0
BRDA:59,11,1,0
BRDA:70,12,0,0
BRDA:70,12,1,0
BRDA:90,13,0,0
BRDA:90,13,1,0
BRDA:137,14,0,8
BRDA:137,14,1,8
BRDA:150,15,0,0
BRDA:164,16,0,0
BRDA:177,17,0,0
BRDA:196,18,0,0
BRDA:217,19,0,0
BRDA:217,20,0,0
BRDA:217,20,1,0
BRDA:270,21,0,0
BRDA:270,22,0,0
BRDA:270,22,1,0
BRDA:274,23,0,0
BRDA:274,24,0,0
BRDA:274,24,1,0
BRDA:278,25,0,0
BRDA:304,26,0,0
BRDA:310,27,0,0
BRDA:310,27,1,0
BRDA:338,28,0,0
BRDA:345,29,0,0
BRDA:365,30,0,0
BRDA:365,30,1,0
BRDA:374,31,0,0
BRDA:382,32,0,0
BRDA:382,33,0,0
BRDA:382,33,1,0
BRDA:384,34,0,0
BRDA:384,34,1,0
BRDA:432,35,0,0
BRDA:461,36,0,0
BRDA:479,37,0,0
BRDA:483,38,0,0
BRDA:488,39,0,0
BRDA:488,39,1,0
BRDA:503,40,0,0
BRDA:520,41,0,0
BRDA:520,42,0,0
BRDA:520,42,1,0
BRDA:525,43,0,0
BRDA:530,44,0,0
BRDA:530,44,1,0
BRDA:530,44,2,0
BRDA:530,44,3,0
BRF:71
BRH:16
end_of_record
TN:
SF:src/mlx/mlx-generator.ts
FN:24,(anonymous_0)
FN:45,(anonymous_1)
FN:77,(anonymous_2)
FN:149,(anonymous_3)
FN:199,(anonymous_4)
FN:203,(anonymous_5)
FN:243,(anonymous_6)
FN:247,(anonymous_7)
FN:252,(anonymous_8)
FN:291,(anonymous_9)
FN:301,(anonymous_10)
FN:302,(anonymous_11)
FN:307,(anonymous_12)
FN:311,(anonymous_13)
FN:323,(anonymous_14)
FN:333,(anonymous_15)
FN:351,(anonymous_16)
FN:528,(anonymous_17)
FN:547,(anonymous_18)
FN:559,(anonymous_19)
FNF:20
FNH:4
FNDA:1,(anonymous_0)
FNDA:0,(anonymous_1)
FNDA:0,(anonymous_2)
FNDA:0,(anonymous_3)
FNDA:0,(anonymous_4)
FNDA:0,(anonymous_5)
FNDA:0,(anonymous_6)
FNDA:0,(anonymous_7)
FNDA:0,(anonymous_8)
FNDA:0,(anonymous_9)
FNDA:0,(anonymous_10)
FNDA:0,(anonymous_11)
FNDA:0,(anonymous_12)
FNDA:0,(anonymous_13)
FNDA:0,(anonymous_14)
FNDA:0,(anonymous_15)
FNDA:0,(anonymous_16)
FNDA:6,(anonymous_17)
FNDA:1,(anonymous_18)
FNDA:1,(anonymous_19)
DA:22,1
DA:25,1
DA:26,1
DA:28,1
DA:35,1
DA:46,0
DA:48,0
DA:50,0
DA:51,0
DA:52,0
DA:53,0
DA:57,0
DA:58,0
DA:59,0
DA:63,0
DA:65,0
DA:66,0
DA:67,0
DA:69,0
DA:70,0
DA:85,0
DA:87,0
DA:88,0
DA:89,0
DA:90,0
DA:94,0
DA:95,0
DA:102,0
DA:103,0
DA:105,0
DA:116,0
DA:128,0
DA:130,0
DA:132,0
DA:142,0
DA:157,0
DA:158,0
DA:160,0
DA:165,0
DA:166,0
DA:167,0
DA:168,0
DA:173,0
DA:174,0
DA:175,0
DA:176,0
DA:178,0
DA:185,0
DA:187,0
DA:193,0
DA:203,0
DA:205,0
DA:206,0
DA:209,0
DA:212,0
DA:223,0
DA:224,0
DA:227,0
DA:228,0
DA:231,0
DA:232,0
DA:235,0
DA:238,0
DA:240,0
DA:241,0
DA:243,0
DA:244,0
DA:247,0
DA:248,0
DA:249,0
DA:252,0
DA:253,0
DA:255,0
DA:256,0
DA:259,0
DA:260,0
DA:265,0
DA:266,0
DA:270,0
DA:271,0
DA:272,0
DA:275,0
DA:278,0
DA:280,0
DA:286,0
DA:287,0
DA:291,0
DA:292,0
DA:293,0
DA:302,0
DA:303,0
DA:305,0
DA:307,0
DA:308,0
DA:311,0
DA:312,0
DA:313,0
DA:315,0
DA:320,0
DA:323,0
DA:324,0
DA:325,0
DA:334,0
DA:336,0
DA:337,0
DA:338,0
DA:341,0
DA:342,0
DA:343,0
DA:344,0
DA:352,0
DA:529,6
DA:531,6
DA:532,2
DA:533,4
DA:534,1
DA:535,3
DA:536,1
DA:537,2
DA:538,1
DA:540,1
DA:548,1
DA:553,1
DA:560,1
DA:568,1
LF:125
LH:19
BRDA:25,0,0,1
BRDA:25,0,1,1
BRDA:46,1,0,0
BRDA:51,2,0,0
BRDA:57,3,0,0
BRDA:79,4,0,0
BRDA:87,5,0,0
BRDA:89,6,0,0
BRDA:135,7,0,0
BRDA:135,7,1,0
BRDA:151,8,0,0
BRDA:165,9,0,0
BRDA:167,10,0,0
BRDA:223,11,0,0
BRDA:227,12,0,0
BRDA:231,13,0,0
BRDA:255,14,0,0
BRDA:259,15,0,0
BRDA:270,16,0,0
BRDA:336,17,0,0
BRDA:341,18,0,0
BRDA:531,19,0,2
BRDA:531,19,1,4
BRDA:533,20,0,1
BRDA:533,20,1,3
BRDA:535,21,0,1
BRDA:535,21,1,2
BRDA:537,22,0,1
BRDA:537,22,1,1
BRF:29
BRH:10
end_of_record
TN:
SF:src/utils/logger.ts
FN:66,(anonymous_0)
FN:73,(anonymous_1)
FN:89,(anonymous_2)
FN:112,(anonymous_3)
FN:120,(anonymous_4)
FN:121,(anonymous_5)
FN:122,(anonymous_6)
FN:123,(anonymous_7)
FN:124,(anonymous_8)
FN:125,(anonymous_9)
FN:126,(anonymous_10)
FN:127,(anonymous_11)
FN:129,(anonymous_12)
FN:130,(anonymous_13)
FN:131,(anonymous_14)
FN:132,(anonymous_15)
FN:133,(anonymous_16)
FNF:17
FNH:15
FNDA:53,(anonymous_0)
FNDA:58,(anonymous_1)
FNDA:1,(anonymous_2)
FNDA:23,(anonymous_3)
FNDA:4,(anonymous_4)
FNDA:4,(anonymous_5)
FNDA:47,(anonymous_6)
FNDA:1,(anonymous_7)
FNDA:0,(anonymous_8)
FNDA:23,(anonymous_9)
FNDA:1,(anonymous_10)
FNDA:0,(anonymous_11)
FNDA:1,(anonymous_12)
FNDA:1,(anonymous_13)
FNDA:1,(anonymous_14)
FNDA:1,(anonymous_15)
FNDA:1,(anonymous_16)
DA:36,12
DA:44,12
DA:52,12
DA:55,12
DA:66,53
DA:73,12
DA:74,58
DA:75,58
DA:81,58
DA:82,58
DA:85,58
DA:89,12
DA:94,1
DA:95,1
DA:97,1
DA:108,1
DA:112,12
DA:113,23
DA:114,1
DA:119,12
DA:120,4
DA:121,4
DA:122,47
DA:123,1
DA:124,0
DA:125,23
DA:126,1
DA:127,0
DA:129,1
DA:130,1
DA:131,1
DA:132,1
DA:133,1
LF:33
LH:31
BRDA:75,0,0,4
BRDA:75,0,1,54
BRDA:76,1,0,4
BRDA:76,1,1,50
BRDA:77,2,0,48
BRDA:77,2,1,2
BRDA:78,3,0,2
BRDA:78,3,1,0
BRDA:79,4,0,0
BRDA:79,4,1,0
BRDA:81,5,0,29
BRDA:81,5,1,29
BRDA:82,6,0,58
BRDA:82,6,1,58
BRDA:94,7,0,1
BRDA:94,7,1,0
BRDA:95,8,0,1
BRDA:95,8,1,0
BRDA:101,9,0,0
BRDA:101,9,1,1
BRDA:102,10,0,0
BRDA:102,10,1,0
BRDA:113,11,0,1
BRDA:113,12,0,23
BRDA:113,12,1,23
BRF:25
BRH:17
end_of_record
TN:
SF:src/vector-db/vector-database.ts
FN:7,(anonymous_0)
FN:19,(anonymous_1)
FN:33,(anonymous_2)
FN:58,(anonymous_3)
FN:68,(anonymous_4)
FN:87,(anonymous_5)
FN:110,(anonymous_6)
FN:125,(anonymous_7)
FNF:8
FNH:8
FNDA:4,(anonymous_0)
FNDA:8,(anonymous_1)
FNDA:8,(anonymous_2)
FNDA:1,(anonymous_3)
FNDA:3,(anonymous_4)
FNDA:5,(anonymous_5)
FNDA:2,(anonymous_6)
FNDA:7,(anonymous_7)
DA:8,4
DA:9,4
DA:20,8
DA:21,1
DA:24,7
DA:25,7
DA:27,7
DA:39,8
DA:40,0
DA:43,8
DA:50,8
DA:52,8
DA:59,1
DA:60,0
DA:66,1
DA:68,3
DA:75,1
DA:81,1
DA:93,5
DA:94,1
DA:97,5
DA:99,5
DA:100,3
DA:101,3
DA:104,2
DA:111,2
DA:112,0
DA:115,2
DA:117,2
DA:119,2
DA:126,7
DA:127,7
DA:128,7
DA:130,7
DA:135,4
LF:35
LH:32
BRDA:20,0,0,1
BRDA:37,1,0,2
BRDA:39,2,0,0
BRDA:59,3,0,0
BRDA:93,4,0,1
BRDA:99,5,0,3
BRDA:111,6,0,0
BRF:7
BRH:4
end_of_record
